mode: atomic
github.com/Rmarken5/file-broadcaster/server/server.go:27.13,33.16 3 0
github.com/Rmarken5/file-broadcaster/server/server.go:36.2,37.16 2 0
github.com/Rmarken5/file-broadcaster/server/server.go:40.2,53.16 4 0
github.com/Rmarken5/file-broadcaster/server/server.go:57.2,63.6 5 0
github.com/Rmarken5/file-broadcaster/server/server.go:33.16,34.13 1 0
github.com/Rmarken5/file-broadcaster/server/server.go:37.16,38.13 1 0
github.com/Rmarken5/file-broadcaster/server/server.go:53.16,56.3 2 0
github.com/Rmarken5/file-broadcaster/server/server.go:63.6,64.10 1 0
github.com/Rmarken5/file-broadcaster/server/server.go:65.15,66.14 1 0
github.com/Rmarken5/file-broadcaster/server/server.go:72.55,75.6 2 0
github.com/Rmarken5/file-broadcaster/server/server.go:75.6,77.17 2 0
github.com/Rmarken5/file-broadcaster/server/server.go:81.3,81.27 1 0
github.com/Rmarken5/file-broadcaster/server/server.go:77.17,80.4 2 0
github.com/Rmarken5/file-broadcaster/server/server.go:85.47,94.2 5 0
github.com/Rmarken5/file-broadcaster/server/server.go:96.56,103.12 4 0
github.com/Rmarken5/file-broadcaster/server/server.go:108.2,109.12 2 0
github.com/Rmarken5/file-broadcaster/server/server.go:103.12,104.7 1 0
github.com/Rmarken5/file-broadcaster/server/server.go:104.7,106.4 1 0
github.com/Rmarken5/file-broadcaster/server/server.go:112.62,116.2 2 0
github.com/Rmarken5/file-broadcaster/server/server.go:118.74,119.10 1 2
github.com/Rmarken5/file-broadcaster/server/server.go:121.36,125.37 4 2
github.com/Rmarken5/file-broadcaster/server/server.go:125.37,127.5 1 1
github.com/Rmarken5/file-broadcaster/server/server.go:127.10,127.44 1 1
github.com/Rmarken5/file-broadcaster/server/server.go:127.44,129.5 1 1
github.com/Rmarken5/file-broadcaster/file-listener/file-listener.go:9.77,12.2 2 1
github.com/Rmarken5/file-broadcaster/file-listener/file-listener.go:14.73,16.35 2 2
github.com/Rmarken5/file-broadcaster/file-listener/file-listener.go:21.2,21.14 1 2
github.com/Rmarken5/file-broadcaster/file-listener/file-listener.go:16.35,17.21 1 2
github.com/Rmarken5/file-broadcaster/file-listener/file-listener.go:17.21,19.4 1 1
github.com/Rmarken5/file-broadcaster/observer/observer.go:15.57,20.60 3 2
github.com/Rmarken5/file-broadcaster/observer/observer.go:24.2,25.12 2 1
github.com/Rmarken5/file-broadcaster/observer/observer.go:20.60,23.3 2 1
github.com/Rmarken5/file-broadcaster/observer/observer.go:28.49,30.2 1 1
github.com/Rmarken5/file-broadcaster/observer/subject.go:10.57,12.31 2 2
github.com/Rmarken5/file-broadcaster/observer/subject.go:17.2,17.15 1 2
github.com/Rmarken5/file-broadcaster/observer/subject.go:12.31,13.23 1 1
github.com/Rmarken5/file-broadcaster/observer/subject.go:13.23,15.4 1 1
github.com/Rmarken5/file-broadcaster/observer/subject.go:17.15,20.3 2 1
github.com/Rmarken5/file-broadcaster/observer/subject.go:22.60,24.31 2 1
github.com/Rmarken5/file-broadcaster/observer/subject.go:29.2,30.15 2 1
github.com/Rmarken5/file-broadcaster/observer/subject.go:24.31,25.23 1 2
github.com/Rmarken5/file-broadcaster/observer/subject.go:25.23,27.4 1 1
github.com/Rmarken5/file-broadcaster/observer/subject.go:33.61,37.2 3 1
github.com/Rmarken5/file-broadcaster/observer/subject.go:39.56,42.2 2 2
github.com/Rmarken5/file-broadcaster/observer/subject.go:44.44,45.34 1 4
github.com/Rmarken5/file-broadcaster/observer/subject.go:45.34,46.47 1 2
github.com/Rmarken5/file-broadcaster/observer/subject.go:46.47,49.4 2 1
github.com/Rmarken5/file-broadcaster/observer/subject.go:53.58,55.2 1 1
github.com/Rmarken5/file-broadcaster/observer/subject.go:57.52,59.2 1 1
