mode: set
github.com/rmarken5/cfcs/server/file-listener/file_listener.go:26.86,28.16 2 1
github.com/rmarken5/cfcs/server/file-listener/file_listener.go:31.2,31.30 1 1
github.com/rmarken5/cfcs/server/file-listener/file_listener.go:28.16,30.3 1 1
github.com/rmarken5/cfcs/server/file-listener/file_listener.go:35.73,37.35 2 1
github.com/rmarken5/cfcs/server/file-listener/file_listener.go:42.2,42.14 1 1
github.com/rmarken5/cfcs/server/file-listener/file_listener.go:37.35,38.21 1 1
github.com/rmarken5/cfcs/server/file-listener/file_listener.go:38.21,40.4 1 1
github.com/rmarken5/cfcs/server/file-listener/file_listener.go:45.70,48.16 3 1
github.com/rmarken5/cfcs/server/file-listener/file_listener.go:52.2,53.16 2 1
github.com/rmarken5/cfcs/server/file-listener/file_listener.go:56.2,59.8 1 1
github.com/rmarken5/cfcs/server/file-listener/file_listener.go:48.16,50.3 1 1
github.com/rmarken5/cfcs/server/file-listener/file_listener.go:53.16,55.3 1 0
github.com/rmarken5/cfcs/server/file-listener/file_listener.go:63.53,70.50 3 1
github.com/rmarken5/cfcs/server/file-listener/file_listener.go:75.2,78.29 3 1
github.com/rmarken5/cfcs/server/file-listener/file_listener.go:70.50,73.3 2 0
github.com/rmarken5/cfcs/server/file-listener/file_listener.go:81.46,85.2 3 1
github.com/rmarken5/cfcs/server/file-listener/mock_dir_entry.go:26.61,30.2 3 1
github.com/rmarken5/cfcs/server/file-listener/mock_dir_entry.go:33.59,35.2 1 1
github.com/rmarken5/cfcs/server/file-listener/mock_dir_entry.go:38.52,44.2 5 0
github.com/rmarken5/cfcs/server/file-listener/mock_dir_entry.go:47.57,50.2 2 0
github.com/rmarken5/cfcs/server/file-listener/mock_dir_entry.go:53.37,58.2 4 1
github.com/rmarken5/cfcs/server/file-listener/mock_dir_entry.go:61.58,64.2 2 1
github.com/rmarken5/cfcs/server/file-listener/mock_dir_entry.go:67.38,72.2 4 1
github.com/rmarken5/cfcs/server/file-listener/mock_dir_entry.go:75.57,78.2 2 1
github.com/rmarken5/cfcs/server/file-listener/mock_dir_entry.go:81.43,86.2 4 0
github.com/rmarken5/cfcs/server/file-listener/mock_dir_entry.go:89.57,92.2 2 0
github.com/rmarken5/cfcs/server/file-listener/mock_file_listener.go:27.71,31.2 3 0
github.com/rmarken5/cfcs/server/file-listener/mock_file_listener.go:34.69,36.2 1 0
github.com/rmarken5/cfcs/server/file-listener/mock_file_listener.go:39.86,45.2 5 0
github.com/rmarken5/cfcs/server/file-listener/mock_file_listener.go:48.88,51.2 2 0
github.com/rmarken5/cfcs/server/file-listener/mock_file_listener.go:54.72,59.2 4 0
github.com/rmarken5/cfcs/server/file-listener/mock_file_listener.go:62.87,65.2 2 0
github.com/rmarken5/cfcs/server/observer/mock_observer.go:26.61,30.2 3 0
github.com/rmarken5/cfcs/server/observer/mock_observer.go:33.59,35.2 1 0
github.com/rmarken5/cfcs/server/observer/mock_observer.go:38.60,43.2 4 0
github.com/rmarken5/cfcs/server/observer/mock_observer.go:46.76,49.2 2 0
github.com/rmarken5/cfcs/server/observer/mock_observer.go:52.47,57.2 4 0
github.com/rmarken5/cfcs/server/observer/mock_observer.go:60.66,63.2 2 0
github.com/rmarken5/cfcs/server/observer/mock_observer.go:66.67,71.2 4 0
github.com/rmarken5/cfcs/server/observer/mock_observer.go:74.81,77.2 2 0
github.com/rmarken5/cfcs/server/observer/mock_subject.go:26.59,30.2 3 0
github.com/rmarken5/cfcs/server/observer/mock_subject.go:33.57,35.2 1 0
github.com/rmarken5/cfcs/server/observer/mock_subject.go:38.53,41.2 2 0
github.com/rmarken5/cfcs/server/observer/mock_subject.go:44.75,47.2 2 0
github.com/rmarken5/cfcs/server/observer/mock_subject.go:50.52,55.2 4 0
github.com/rmarken5/cfcs/server/observer/mock_subject.go:58.60,61.2 2 0
github.com/rmarken5/cfcs/server/observer/mock_subject.go:64.66,67.2 2 0
github.com/rmarken5/cfcs/server/observer/mock_subject.go:70.86,73.2 2 0
github.com/rmarken5/cfcs/server/observer/mock_subject.go:76.56,79.2 2 0
github.com/rmarken5/cfcs/server/observer/mock_subject.go:82.78,85.2 2 0
github.com/rmarken5/cfcs/server/observer/mock_subject.go:88.56,91.2 2 0
github.com/rmarken5/cfcs/server/observer/mock_subject.go:94.76,97.2 2 0
github.com/rmarken5/cfcs/server/observer/mock_subject.go:100.48,103.2 2 0
github.com/rmarken5/cfcs/server/observer/mock_subject.go:106.77,109.2 2 0
github.com/rmarken5/cfcs/server/observer/mock_subject.go:112.48,115.2 2 0
github.com/rmarken5/cfcs/server/observer/mock_subject.go:118.79,121.2 2 0
github.com/rmarken5/cfcs/server/observer/mock_subscriber.go:26.65,30.2 3 0
github.com/rmarken5/cfcs/server/observer/mock_subscriber.go:33.63,35.2 1 0
github.com/rmarken5/cfcs/server/observer/mock_subscriber.go:38.66,41.2 2 0
github.com/rmarken5/cfcs/server/observer/mock_subscriber.go:44.88,47.2 2 0
github.com/rmarken5/cfcs/server/observer/mock_subscriber.go:50.69,53.2 2 0
github.com/rmarken5/cfcs/server/observer/mock_subscriber.go:56.89,59.2 2 0
github.com/rmarken5/cfcs/server/observer/mock_subscriber.go:62.51,65.2 2 0
github.com/rmarken5/cfcs/server/observer/mock_subscriber.go:68.80,71.2 2 0
github.com/rmarken5/cfcs/server/observer/mock_subscriber.go:74.51,77.2 2 0
github.com/rmarken5/cfcs/server/observer/mock_subscriber.go:80.82,83.2 2 0
github.com/rmarken5/cfcs/server/observer/observer.go:26.74,28.95 1 1
github.com/rmarken5/cfcs/server/observer/observer.go:33.2,34.29 2 1
github.com/rmarken5/cfcs/server/observer/observer.go:40.2,41.12 2 1
github.com/rmarken5/cfcs/server/observer/observer.go:28.95,31.3 2 1
github.com/rmarken5/cfcs/server/observer/observer.go:34.29,35.41 1 1
github.com/rmarken5/cfcs/server/observer/observer.go:35.41,37.4 1 1
github.com/rmarken5/cfcs/server/observer/observer.go:44.66,47.61 2 1
github.com/rmarken5/cfcs/server/observer/observer.go:50.2,51.12 2 1
github.com/rmarken5/cfcs/server/observer/observer.go:47.61,49.3 1 1
github.com/rmarken5/cfcs/server/observer/observer.go:54.53,56.2 1 1
github.com/rmarken5/cfcs/server/observer/observer.go:58.24,61.2 2 1
github.com/rmarken5/cfcs/server/observer/observer.go:63.47,64.13 1 1
github.com/rmarken5/cfcs/server/observer/observer.go:72.2,72.11 1 1
github.com/rmarken5/cfcs/server/observer/observer.go:65.31,66.36 1 1
github.com/rmarken5/cfcs/server/observer/observer.go:67.30,68.35 1 1
github.com/rmarken5/cfcs/server/observer/observer.go:69.44,70.48 1 1
github.com/rmarken5/cfcs/server/observer/subject.go:15.66,17.31 2 0
github.com/rmarken5/cfcs/server/observer/subject.go:22.2,22.15 1 0
github.com/rmarken5/cfcs/server/observer/subject.go:25.2,25.31 1 0
github.com/rmarken5/cfcs/server/observer/subject.go:17.31,18.25 1 0
github.com/rmarken5/cfcs/server/observer/subject.go:18.25,20.4 1 0
github.com/rmarken5/cfcs/server/observer/subject.go:22.15,24.3 1 0
github.com/rmarken5/cfcs/server/observer/subject.go:27.69,29.31 2 0
github.com/rmarken5/cfcs/server/observer/subject.go:34.2,34.22 1 0
github.com/rmarken5/cfcs/server/observer/subject.go:29.31,30.25 1 0
github.com/rmarken5/cfcs/server/observer/subject.go:30.25,32.4 1 0
github.com/rmarken5/cfcs/server/observer/subject.go:38.61,42.2 3 0
github.com/rmarken5/cfcs/server/observer/subject.go:44.56,47.2 2 0
github.com/rmarken5/cfcs/server/observer/subject.go:49.76,50.34 1 0
github.com/rmarken5/cfcs/server/observer/subject.go:50.34,51.49 1 0
github.com/rmarken5/cfcs/server/observer/subject.go:51.49,54.4 2 0
github.com/rmarken5/cfcs/server/observer/subject.go:58.76,59.34 1 0
github.com/rmarken5/cfcs/server/observer/subject.go:59.34,60.47 1 0
github.com/rmarken5/cfcs/server/observer/subject.go:60.47,63.4 2 0
github.com/rmarken5/cfcs/server/observer/subject.go:67.66,73.2 3 0
github.com/rmarken5/cfcs/server/observer/subject.go:75.61,79.2 3 0
github.com/rmarken5/cfcs/server/observer/mock_conn.go:27.53,31.2 3 1
github.com/rmarken5/cfcs/server/observer/mock_conn.go:34.51,36.2 1 1
github.com/rmarken5/cfcs/server/observer/mock_conn.go:39.34,44.2 4 0
github.com/rmarken5/cfcs/server/observer/mock_conn.go:47.54,50.2 2 0
github.com/rmarken5/cfcs/server/observer/mock_conn.go:53.41,58.2 4 0
github.com/rmarken5/cfcs/server/observer/mock_conn.go:61.58,64.2 2 0
github.com/rmarken5/cfcs/server/observer/mock_conn.go:67.51,73.2 5 0
github.com/rmarken5/cfcs/server/observer/mock_conn.go:76.69,79.2 2 0
github.com/rmarken5/cfcs/server/observer/mock_conn.go:82.42,87.2 4 0
github.com/rmarken5/cfcs/server/observer/mock_conn.go:90.59,93.2 2 0
github.com/rmarken5/cfcs/server/observer/mock_conn.go:96.54,101.2 4 0
github.com/rmarken5/cfcs/server/observer/mock_conn.go:104.76,107.2 2 0
github.com/rmarken5/cfcs/server/observer/mock_conn.go:110.58,115.2 4 0
github.com/rmarken5/cfcs/server/observer/mock_conn.go:118.80,121.2 2 0
github.com/rmarken5/cfcs/server/observer/mock_conn.go:124.59,129.2 4 0
github.com/rmarken5/cfcs/server/observer/mock_conn.go:132.81,135.2 2 0
github.com/rmarken5/cfcs/server/observer/mock_conn.go:138.52,144.2 5 1
github.com/rmarken5/cfcs/server/observer/mock_conn.go:147.70,150.2 2 1
